mode: atomic
mcf-dev/tui/internal/testing/mocks.go:83.40,115.2 1 0
mcf-dev/tui/internal/testing/mocks.go:118.60,121.25 2 0
mcf-dev/tui/internal/testing/mocks.go:121.25,123.3 1 0
mcf-dev/tui/internal/testing/mocks.go:125.2,129.22 4 0
mcf-dev/tui/internal/testing/mocks.go:133.44,141.2 5 0
mcf-dev/tui/internal/testing/mocks.go:144.44,148.2 3 0
mcf-dev/tui/internal/testing/mocks.go:151.90,154.25 2 0
mcf-dev/tui/internal/testing/mocks.go:154.25,156.3 1 0
mcf-dev/tui/internal/testing/mocks.go:158.2,161.38 3 0
mcf-dev/tui/internal/testing/mocks.go:161.38,163.3 1 0
mcf-dev/tui/internal/testing/mocks.go:165.2,165.28 1 0
mcf-dev/tui/internal/testing/mocks.go:169.83,172.25 2 0
mcf-dev/tui/internal/testing/mocks.go:172.25,174.3 1 0
mcf-dev/tui/internal/testing/mocks.go:176.2,179.38 3 0
mcf-dev/tui/internal/testing/mocks.go:179.38,181.3 1 0
mcf-dev/tui/internal/testing/mocks.go:183.2,183.24 1 0
mcf-dev/tui/internal/testing/mocks.go:187.92,190.25 2 0
mcf-dev/tui/internal/testing/mocks.go:190.25,192.3 1 0
mcf-dev/tui/internal/testing/mocks.go:194.2,197.38 3 0
mcf-dev/tui/internal/testing/mocks.go:197.38,199.3 1 0
mcf-dev/tui/internal/testing/mocks.go:202.2,203.26 2 0
mcf-dev/tui/internal/testing/mocks.go:207.92,210.25 2 0
mcf-dev/tui/internal/testing/mocks.go:210.25,212.3 1 0
mcf-dev/tui/internal/testing/mocks.go:214.2,217.38 3 0
mcf-dev/tui/internal/testing/mocks.go:217.38,219.3 1 0
mcf-dev/tui/internal/testing/mocks.go:221.2,221.27 1 0
mcf-dev/tui/internal/testing/mocks.go:225.115,228.25 2 0
mcf-dev/tui/internal/testing/mocks.go:228.25,230.3 1 0
mcf-dev/tui/internal/testing/mocks.go:232.2,232.42 1 0
mcf-dev/tui/internal/testing/mocks.go:232.42,234.3 1 0
mcf-dev/tui/internal/testing/mocks.go:237.2,247.20 2 0
mcf-dev/tui/internal/testing/mocks.go:271.68,275.2 3 0
mcf-dev/tui/internal/testing/mocks.go:277.59,281.2 3 0
mcf-dev/tui/internal/testing/mocks.go:283.48,287.2 3 0
mcf-dev/tui/internal/testing/mocks.go:289.68,293.2 3 0
mcf-dev/tui/internal/testing/mocks.go:295.54,299.2 3 0
mcf-dev/tui/internal/testing/mocks.go:301.63,305.2 3 0
mcf-dev/tui/internal/testing/mocks.go:308.82,311.27 2 0
mcf-dev/tui/internal/testing/mocks.go:311.27,312.60 1 0
mcf-dev/tui/internal/testing/mocks.go:312.60,313.12 1 0
mcf-dev/tui/internal/testing/mocks.go:315.3,315.54 1 0
mcf-dev/tui/internal/testing/mocks.go:315.54,316.12 1 0
mcf-dev/tui/internal/testing/mocks.go:318.3,318.75 1 0
mcf-dev/tui/internal/testing/mocks.go:318.75,319.12 1 0
mcf-dev/tui/internal/testing/mocks.go:321.3,321.70 1 0
mcf-dev/tui/internal/testing/mocks.go:321.70,322.12 1 0
mcf-dev/tui/internal/testing/mocks.go:325.3,327.56 2 0
mcf-dev/tui/internal/testing/mocks.go:327.56,328.9 1 0
mcf-dev/tui/internal/testing/mocks.go:332.2,332.17 1 0
mcf-dev/tui/internal/testing/mocks.go:367.56,373.2 1 0
mcf-dev/tui/internal/testing/mocks.go:376.65,380.2 3 0
mcf-dev/tui/internal/testing/mocks.go:383.67,388.29 4 0
mcf-dev/tui/internal/testing/mocks.go:388.29,390.3 1 0
mcf-dev/tui/internal/testing/mocks.go:391.2,391.15 1 0
mcf-dev/tui/internal/testing/mocks.go:395.82,406.2 7 0
mcf-dev/tui/internal/testing/mocks.go:409.51,416.2 5 0
mcf-dev/tui/internal/testing/mocks.go:426.48,430.2 1 0
mcf-dev/tui/internal/testing/mocks.go:433.65,441.2 5 0
mcf-dev/tui/internal/testing/mocks.go:444.70,452.2 5 0
mcf-dev/tui/internal/testing/mocks.go:455.61,460.29 4 0
mcf-dev/tui/internal/testing/mocks.go:460.29,462.3 1 0
mcf-dev/tui/internal/testing/mocks.go:463.2,463.15 1 0
mcf-dev/tui/internal/testing/mocks.go:467.42,470.2 2 0
mcf-dev/tui/internal/testing/mocks.go:473.42,476.2 2 0
mcf-dev/tui/internal/testing/utils.go:28.63,45.2 4 0
mcf-dev/tui/internal/testing/utils.go:48.49,49.12 1 0
mcf-dev/tui/internal/testing/utils.go:49.12,51.43 2 0
mcf-dev/tui/internal/testing/utils.go:51.43,53.4 1 0
mcf-dev/tui/internal/testing/utils.go:55.2,55.35 1 0
mcf-dev/tui/internal/testing/utils.go:59.36,62.2 2 0
mcf-dev/tui/internal/testing/utils.go:65.54,69.2 3 0
mcf-dev/tui/internal/testing/utils.go:72.54,73.27 1 0
mcf-dev/tui/internal/testing/utils.go:73.27,76.3 2 0
mcf-dev/tui/internal/testing/utils.go:80.48,84.2 3 0
mcf-dev/tui/internal/testing/utils.go:87.97,94.6 5 0
mcf-dev/tui/internal/testing/utils.go:94.6,95.10 1 0
mcf-dev/tui/internal/testing/utils.go:96.21,97.90 1 0
mcf-dev/tui/internal/testing/utils.go:98.19,99.49 1 0
mcf-dev/tui/internal/testing/utils.go:99.49,101.5 1 0
mcf-dev/tui/internal/testing/utils.go:107.81,110.2 2 0
mcf-dev/tui/internal/testing/utils.go:113.87,116.2 2 0
mcf-dev/tui/internal/testing/utils.go:126.34,130.2 1 1
mcf-dev/tui/internal/testing/utils.go:133.43,135.2 1 1
mcf-dev/tui/internal/testing/utils.go:138.29,141.16 3 1
mcf-dev/tui/internal/testing/utils.go:141.16,142.10 1 1
mcf-dev/tui/internal/testing/utils.go:143.27,143.27 0 1
mcf-dev/tui/internal/testing/utils.go:144.11,144.11 0 0
mcf-dev/tui/internal/testing/utils.go:150.29,155.2 4 1
mcf-dev/tui/internal/testing/utils.go:163.44,167.2 1 2
mcf-dev/tui/internal/testing/utils.go:170.79,173.2 2 5
mcf-dev/tui/internal/testing/utils.go:176.55,178.2 1 0
mcf-dev/tui/internal/testing/utils.go:181.56,182.41 1 2
mcf-dev/tui/internal/testing/utils.go:182.41,184.3 1 1
mcf-dev/tui/internal/testing/utils.go:185.2,185.11 1 1
mcf-dev/tui/internal/testing/utils.go:189.50,190.38 1 2
mcf-dev/tui/internal/testing/utils.go:190.38,192.3 1 1
mcf-dev/tui/internal/testing/utils.go:193.2,193.10 1 1
mcf-dev/tui/internal/testing/utils.go:197.58,199.27 2 1
mcf-dev/tui/internal/testing/utils.go:199.27,201.3 1 3
mcf-dev/tui/internal/testing/utils.go:202.2,202.15 1 1
mcf-dev/tui/internal/testing/utils.go:206.78,207.31 1 0
mcf-dev/tui/internal/testing/utils.go:207.31,209.3 1 0
mcf-dev/tui/internal/testing/utils.go:216.68,217.47 1 3
mcf-dev/tui/internal/testing/utils.go:217.47,220.28 1 3
mcf-dev/tui/internal/testing/utils.go:221.31,224.88 3 3
mcf-dev/tui/internal/testing/utils.go:225.11,226.68 1 0
mcf-dev/tui/internal/testing/utils.go:232.47,233.47 1 1
mcf-dev/tui/internal/testing/utils.go:233.47,234.28 1 1
mcf-dev/tui/internal/testing/utils.go:235.31,238.69 3 1
mcf-dev/tui/internal/testing/utils.go:239.11,240.66 1 0
mcf-dev/tui/internal/testing/utils.go:252.34,254.2 1 4
mcf-dev/tui/internal/testing/utils.go:257.57,262.2 4 4
mcf-dev/tui/internal/testing/utils.go:265.38,269.2 3 2
mcf-dev/tui/internal/testing/utils.go:272.30,276.2 3 1
mcf-dev/tui/internal/testing/utils.go:285.46,290.2 1 2
mcf-dev/tui/internal/testing/utils.go:293.62,296.21 3 1
mcf-dev/tui/internal/testing/utils.go:296.21,298.3 1 1
mcf-dev/tui/internal/testing/utils.go:302.64,305.21 3 1
mcf-dev/tui/internal/testing/utils.go:305.21,307.3 1 1
mcf-dev/tui/internal/testing/utils.go:311.45,313.2 1 0
mcf-dev/tui/internal/testing/utils.go:324.89,331.2 1 9
mcf-dev/tui/internal/testing/utils.go:334.85,337.2 2 6
mcf-dev/tui/internal/testing/utils.go:340.89,343.2 2 2
mcf-dev/tui/internal/testing/utils.go:346.50,349.36 2 6
mcf-dev/tui/internal/testing/utils.go:349.36,350.39 1 24
mcf-dev/tui/internal/testing/utils.go:350.39,352.4 1 1
mcf-dev/tui/internal/testing/utils.go:354.3,354.36 1 23
mcf-dev/tui/internal/testing/utils.go:354.36,356.4 1 1
mcf-dev/tui/internal/testing/utils.go:359.2,363.47 3 4
